<?xml version="1.0" encoding="UTF-8"?>
<!-- Generated by org.testng.reporters.JUnitReportReporter -->
<testsuite hostname="Anish" failures="0" tests="1" name="tests.HomeTest" time="6.486" errors="0" timestamp="2025-10-27T21:47:51 IST" skipped="0">
  <testcase classname="tests.HomeTest" name="verifyGoogleHomePage" time="6.486"/>
</testsuite> <!-- tests.HomeTest -->
