<?xml version="1.0" encoding="UTF-8"?>
<!-- Generated by org.testng.reporters.JUnitReportReporter -->
<testsuite hostname="Anish" failures="0" tests="1" name="tests.HomeTest" time="2.985" errors="0" timestamp="2025-10-28T21:11:16 IST" skipped="0">
  <testcase classname="tests.HomeTest" name="verifyGoogleHomePage" time="2.985"/>
</testsuite> <!-- tests.HomeTest -->
